<?xml version="1.0" encoding="UTF-8"?>
<testng-results ignored="0" total="4" passed="4" failed="0" skipped="0">
  <reporter-output>
  </reporter-output>
  <suite started-at="2022-03-28T16:01:37 IST" name="Default suite" finished-at="2022-03-28T16:01:37 IST" duration-ms="52">
    <groups>
    </groups>
    <test started-at="2022-03-28T16:01:37 IST" name="Default test" finished-at="2022-03-28T16:01:37 IST" duration-ms="52">
      <class name="com.ecommerce.amazon.searchTest.SearchBarTest">
        <test-method signature="enterValuesTest()[pri:0, instance:com.ecommerce.amazon.searchTest.SearchBarTest@55536d9e]" started-at="2022-03-28T16:01:37 IST" name="enterValuesTest" finished-at="2022-03-28T16:01:37 IST" duration-ms="7" status="PASS">
          <reporter-output>
          </reporter-output>
        </test-method> <!-- enterValuesTest -->
        <test-method signature="groceryTest()[pri:0, instance:com.ecommerce.amazon.searchTest.SearchBarTest@55536d9e]" started-at="2022-03-28T16:01:37 IST" name="groceryTest" finished-at="2022-03-28T16:01:37 IST" duration-ms="1" status="PASS">
          <reporter-output>
          </reporter-output>
        </test-method> <!-- groceryTest -->
        <test-method signature="loginCredentials()[pri:0, instance:com.ecommerce.amazon.searchTest.SearchBarTest@55536d9e]" started-at="2022-03-28T16:01:37 IST" name="loginCredentials" finished-at="2022-03-28T16:01:37 IST" duration-ms="1" status="PASS">
          <reporter-output>
          </reporter-output>
        </test-method> <!-- loginCredentials -->
        <test-method signature="mobileTest()[pri:0, instance:com.ecommerce.amazon.searchTest.SearchBarTest@55536d9e]" started-at="2022-03-28T16:01:37 IST" name="mobileTest" finished-at="2022-03-28T16:01:37 IST" duration-ms="1" status="PASS">
          <reporter-output>
          </reporter-output>
        </test-method> <!-- mobileTest -->
      </class> <!-- com.ecommerce.amazon.searchTest.SearchBarTest -->
    </test> <!-- Default test -->
  </suite> <!-- Default suite -->
</testng-results>
