<?xml version="1.0" encoding="UTF-8"?>
<!-- Generated by org.testng.reporters.JUnitXMLReporter -->
<testsuite ignored="0" hostname="DESKTOP-MQQN6CU" failures="0" tests="4" name="Default test" time="0.052" errors="0" timestamp="2022-03-28T16:01:37 IST">
  <testcase classname="com.ecommerce.amazon.searchTest.SearchBarTest" name="enterValuesTest" time="0.007"/>
  <testcase classname="com.ecommerce.amazon.searchTest.SearchBarTest" name="groceryTest" time="0.001"/>
  <testcase classname="com.ecommerce.amazon.searchTest.SearchBarTest" name="loginCredentials" time="0.001"/>
  <testcase classname="com.ecommerce.amazon.searchTest.SearchBarTest" name="mobileTest" time="0.001"/>
</testsuite> <!-- Default test -->
